2019-02-11 10:51:19.9081|INFO|Microsoft.AspNetCore.Hosting.Internal.WebHost|Request starting HTTP/1.1 DEBUG http://localhost:58421/  0
2019-02-11 10:51:19.9979|INFO|Microsoft.AspNetCore.Hosting.Internal.WebHost|Request finished in 92.5731ms 200 
2019-02-11 10:51:25.1805|INFO|Microsoft.AspNetCore.Hosting.Internal.WebHost|Request starting HTTP/1.1 POST http://localhost:58421/api/products application/json 98
2019-02-11 10:51:25.2686|INFO|Microsoft.AspNetCore.Mvc.Internal.ControllerActionInvoker|Route matched with {action = "Post", controller = "Product"}. Executing action Guide.API.Controllers.ProductController.Post (Guide.API)
2019-02-11 10:51:25.3499|INFO|Microsoft.AspNetCore.Mvc.Internal.ControllerActionInvoker|Executing action method Guide.API.Controllers.ProductController.Post (Guide.API) with arguments (Guide.Application.CQRS.Command.ProductCreateCommand) - Validation state: Valid
2019-02-11 10:52:03.8544|INFO|Microsoft.AspNetCore.Hosting.Internal.WebHost|Request starting HTTP/1.1 DEBUG http://localhost:58421/  0
2019-02-11 10:52:03.9384|INFO|Microsoft.AspNetCore.Hosting.Internal.WebHost|Request finished in 87.0014ms 200 
2019-02-11 10:52:14.9585|INFO|Microsoft.AspNetCore.Hosting.Internal.WebHost|Request starting HTTP/1.1 POST http://localhost:58421/api/products application/json 98
2019-02-11 10:52:15.0173|INFO|Microsoft.AspNetCore.Mvc.Internal.ControllerActionInvoker|Route matched with {action = "Post", controller = "Product"}. Executing action Guide.API.Controllers.ProductController.Post (Guide.API)
2019-02-11 10:52:15.0970|INFO|Microsoft.AspNetCore.Mvc.Internal.ControllerActionInvoker|Executing action method Guide.API.Controllers.ProductController.Post (Guide.API) with arguments (Guide.Application.CQRS.Command.ProductCreateCommand) - Validation state: Valid
2019-02-11 10:54:16.9231|INFO|Microsoft.AspNetCore.Hosting.Internal.WebHost|Request starting HTTP/1.1 DEBUG http://localhost:58421/  0
2019-02-11 10:54:17.0141|INFO|Microsoft.AspNetCore.Hosting.Internal.WebHost|Request finished in 93.6847ms 200 
2019-02-11 10:54:23.3357|INFO|Microsoft.AspNetCore.Hosting.Internal.WebHost|Request starting HTTP/1.1 POST http://localhost:58421/api/products application/json 98
2019-02-11 10:54:23.4007|INFO|Microsoft.AspNetCore.Mvc.Internal.ControllerActionInvoker|Route matched with {action = "Post", controller = "Product"}. Executing action Guide.API.Controllers.ProductController.Post (Guide.API)
2019-02-11 10:54:23.4818|INFO|Microsoft.AspNetCore.Mvc.Internal.ControllerActionInvoker|Executing action method Guide.API.Controllers.ProductController.Post (Guide.API) with arguments (Guide.Application.CQRS.Command.ProductCreateCommand) - Validation state: Valid
2019-02-11 10:54:25.2320|INFO|Guide.Application.CQRS.Command.ProductCreateCommand|RequestType: _ProductCreateCommand_02/11/2019 07:54:25
2019-02-11 10:54:25.2497|INFO|Guide.Application.CQRS.Command.ProductCreateCommand|Audit Log Data: {"Id":0,"Name":"Test Prod-5","Code":"Prd005","StockQuantity":0}
2019-02-11 10:54:28.9096|INFO|Microsoft.EntityFrameworkCore.Infrastructure|Entity Framework Core 2.1.4-rtm-31024 initialized 'GuideContext' using provider 'Microsoft.EntityFrameworkCore.SqlServer' with options: None
2019-02-11 10:54:28.9873|INFO|Microsoft.EntityFrameworkCore.Database.Command|Executed DbCommand (16ms) [Parameters=[@p0='?' (Size = 4000), @p1='?' (DbType = Int32), @p2='?' (DbType = DateTime2), @p3='?' (DbType = Int32), @p4='?' (DbType = DateTime2), @p5='?' (Size = 4000), @p6='?' (DbType = Int32)], CommandType='Text', CommandTimeout='30']
SET NOCOUNT ON;
INSERT INTO [Products] ([Code], [CreatedBy], [CreatedOn], [ModifiedBy], [ModifiedOn], [Name], [StockAmount])
VALUES (@p0, @p1, @p2, @p3, @p4, @p5, @p6);
SELECT [Id]
FROM [Products]
WHERE @@ROWCOUNT = 1 AND [Id] = scope_identity();
2019-02-11 10:54:39.7460|INFO|Microsoft.AspNetCore.Hosting.Internal.WebHost|Request starting HTTP/1.1 DEBUG http://localhost:58421/  0
2019-02-11 10:54:39.8311|INFO|Microsoft.AspNetCore.Hosting.Internal.WebHost|Request finished in 86.3827ms 200 
2019-02-11 10:54:49.3728|INFO|Microsoft.AspNetCore.Hosting.Internal.WebHost|Request starting HTTP/1.1 POST http://localhost:58421/api/products application/json 98
2019-02-11 10:54:49.4320|INFO|Microsoft.AspNetCore.Mvc.Internal.ControllerActionInvoker|Route matched with {action = "Post", controller = "Product"}. Executing action Guide.API.Controllers.ProductController.Post (Guide.API)
2019-02-11 10:54:49.5153|INFO|Microsoft.AspNetCore.Mvc.Internal.ControllerActionInvoker|Executing action method Guide.API.Controllers.ProductController.Post (Guide.API) with arguments (Guide.Application.CQRS.Command.ProductCreateCommand) - Validation state: Valid
2019-02-11 10:54:50.9386|INFO|Guide.Application.CQRS.Command.ProductCreateCommand|RequestType: _ProductCreateCommand_02/11/2019 07:54:50
2019-02-11 10:54:50.9565|INFO|Guide.Application.CQRS.Command.ProductCreateCommand|Audit Log Data: {"Id":0,"Name":"Test Prod-5","Code":"Prd005","StockQuantity":0}
2019-02-11 10:55:07.9762|INFO|Microsoft.EntityFrameworkCore.Infrastructure|Entity Framework Core 2.1.4-rtm-31024 initialized 'GuideContext' using provider 'Microsoft.EntityFrameworkCore.SqlServer' with options: None
2019-02-11 10:55:12.5547|INFO|Microsoft.EntityFrameworkCore.Database.Command|Executed DbCommand (2ms) [Parameters=[@p0='?' (Size = 4000), @p1='?' (DbType = Int32), @p2='?' (DbType = DateTime2), @p3='?' (DbType = Int32), @p4='?' (DbType = DateTime2), @p5='?' (Size = 4000), @p6='?' (DbType = Int32)], CommandType='Text', CommandTimeout='30']
SET NOCOUNT ON;
INSERT INTO [Products] ([Code], [CreatedBy], [CreatedOn], [ModifiedBy], [ModifiedOn], [Name], [StockAmount])
VALUES (@p0, @p1, @p2, @p3, @p4, @p5, @p6);
SELECT [Id]
FROM [Products]
WHERE @@ROWCOUNT = 1 AND [Id] = scope_identity();
2019-02-11 10:56:04.6065|INFO|Microsoft.AspNetCore.Hosting.Internal.WebHost|Request starting HTTP/1.1 DEBUG http://localhost:58421/  0
2019-02-11 10:56:04.7149|INFO|Microsoft.AspNetCore.Hosting.Internal.WebHost|Request finished in 88.8247ms 200 
2019-02-11 10:56:16.2387|INFO|Microsoft.AspNetCore.Hosting.Internal.WebHost|Request starting HTTP/1.1 POST http://localhost:58421/api/products application/json 98
2019-02-11 10:56:16.2944|INFO|Microsoft.AspNetCore.Mvc.Internal.ControllerActionInvoker|Route matched with {action = "Post", controller = "Product"}. Executing action Guide.API.Controllers.ProductController.Post (Guide.API)
2019-02-11 10:56:16.3755|INFO|Microsoft.AspNetCore.Mvc.Internal.ControllerActionInvoker|Executing action method Guide.API.Controllers.ProductController.Post (Guide.API) with arguments (Guide.Application.CQRS.Command.ProductCreateCommand) - Validation state: Valid
2019-02-11 10:56:17.4372|INFO|Guide.Application.CQRS.Command.ProductCreateCommand|RequestType: _ProductCreateCommand_02/11/2019 07:56:17
2019-02-11 10:56:17.4574|INFO|Guide.Application.CQRS.Command.ProductCreateCommand|Audit Log Data: {"Id":0,"Name":"Test Prod-5","Code":"Prd005","StockQuantity":0}
2019-02-11 10:56:27.0202|INFO|Microsoft.EntityFrameworkCore.Infrastructure|Entity Framework Core 2.1.4-rtm-31024 initialized 'GuideContext' using provider 'Microsoft.EntityFrameworkCore.SqlServer' with options: None
2019-02-11 10:56:27.8219|INFO|Microsoft.EntityFrameworkCore.Database.Command|Executed DbCommand (2ms) [Parameters=[@p0='?' (Size = 4000), @p1='?' (DbType = Int32), @p2='?' (DbType = DateTime2), @p3='?' (DbType = Int32), @p4='?' (DbType = DateTime2), @p5='?' (Size = 4000), @p6='?' (DbType = Int32)], CommandType='Text', CommandTimeout='30']
SET NOCOUNT ON;
INSERT INTO [Products] ([Code], [CreatedBy], [CreatedOn], [ModifiedBy], [ModifiedOn], [Name], [StockAmount])
VALUES (@p0, @p1, @p2, @p3, @p4, @p5, @p6);
SELECT [Id]
FROM [Products]
WHERE @@ROWCOUNT = 1 AND [Id] = scope_identity();
2019-02-11 10:56:42.6493|INFO|Microsoft.AspNetCore.Mvc.Internal.ControllerActionInvoker|Executed action method Guide.API.Controllers.ProductController.Post (Guide.API), returned result Microsoft.AspNetCore.Mvc.CreatedAtRouteResult in 26267.459ms.
2019-02-11 10:56:42.6584|INFO|Microsoft.AspNetCore.Mvc.Infrastructure.ObjectResultExecutor|Executing ObjectResult, writing value of type 'Guide.Application.ViewModel.CommandResponses.Product.ProductCreateView'.
2019-02-11 10:56:42.6669|INFO|Microsoft.AspNetCore.Mvc.Internal.ControllerActionInvoker|Executed action Guide.API.Controllers.ProductController.Post (Guide.API) in 26364.6726ms
2019-02-11 10:56:42.6876|ERROR|Microsoft.AspNetCore.Diagnostics.DeveloperExceptionPageMiddleware|An unhandled exception has occurred while executing the request.
2019-02-11 10:56:42.7163|INFO|Microsoft.AspNetCore.Hosting.Internal.WebHost|Request finished in 26478.1633ms 500 text/html; charset=utf-8
2019-02-11 10:58:46.8770|INFO|Microsoft.AspNetCore.Hosting.Internal.WebHost|Request starting HTTP/1.1 DEBUG http://localhost:58421/  0
2019-02-11 10:58:46.9677|INFO|Microsoft.AspNetCore.Hosting.Internal.WebHost|Request finished in 93.2925ms 200 
2019-02-11 10:59:22.0301|INFO|Microsoft.AspNetCore.Hosting.Internal.WebHost|Request starting HTTP/1.1 POST http://localhost:58421/api/products application/json 98
2019-02-11 10:59:22.1074|INFO|Microsoft.AspNetCore.Mvc.Internal.ControllerActionInvoker|Route matched with {action = "Post", controller = "Product"}. Executing action Guide.API.Controllers.ProductController.Post (Guide.API)
2019-02-11 10:59:22.1907|INFO|Microsoft.AspNetCore.Mvc.Internal.ControllerActionInvoker|Executing action method Guide.API.Controllers.ProductController.Post (Guide.API) with arguments (Guide.Application.CQRS.Command.ProductCreateCommand) - Validation state: Valid
2019-02-11 10:59:23.4205|INFO|Guide.Application.CQRS.Command.ProductCreateCommand|RequestType: _ProductCreateCommand_02/11/2019 07:59:23
2019-02-11 10:59:23.4385|INFO|Guide.Application.CQRS.Command.ProductCreateCommand|Audit Log Data: {"Id":0,"Name":"Test Prod-5","Code":"Prd005","StockQuantity":0}
2019-02-11 10:59:26.4399|INFO|Microsoft.EntityFrameworkCore.Infrastructure|Entity Framework Core 2.1.4-rtm-31024 initialized 'GuideContext' using provider 'Microsoft.EntityFrameworkCore.SqlServer' with options: None
2019-02-11 10:59:27.7917|INFO|Microsoft.EntityFrameworkCore.Database.Command|Executed DbCommand (2ms) [Parameters=[@p0='?' (Size = 4000), @p1='?' (DbType = Int32), @p2='?' (DbType = DateTime2), @p3='?' (DbType = Int32), @p4='?' (DbType = DateTime2), @p5='?' (Size = 4000), @p6='?' (DbType = Int32)], CommandType='Text', CommandTimeout='30']
SET NOCOUNT ON;
INSERT INTO [Products] ([Code], [CreatedBy], [CreatedOn], [ModifiedBy], [ModifiedOn], [Name], [StockAmount])
VALUES (@p0, @p1, @p2, @p3, @p4, @p5, @p6);
SELECT [Id]
FROM [Products]
WHERE @@ROWCOUNT = 1 AND [Id] = scope_identity();
2019-02-11 11:04:56.8953|INFO|Microsoft.AspNetCore.Hosting.Internal.WebHost|Request starting HTTP/1.1 DEBUG http://localhost:58421/  0
2019-02-11 11:04:56.9834|INFO|Microsoft.AspNetCore.Hosting.Internal.WebHost|Request finished in 91.5065ms 200 
2019-02-11 11:05:08.1876|INFO|Microsoft.AspNetCore.Hosting.Internal.WebHost|Request starting HTTP/1.1 POST http://localhost:58421/api/products application/json 98
2019-02-11 11:05:08.2476|INFO|Microsoft.AspNetCore.Mvc.Internal.ControllerActionInvoker|Route matched with {action = "Post", controller = "Product"}. Executing action Guide.API.Controllers.ProductController.Post (Guide.API)
2019-02-11 11:05:08.3308|INFO|Microsoft.AspNetCore.Mvc.Internal.ControllerActionInvoker|Executing action method Guide.API.Controllers.ProductController.Post (Guide.API) with arguments (Guide.Application.CQRS.Command.ProductCreateCommand) - Validation state: Valid
2019-02-11 11:05:09.5570|INFO|Guide.Application.CQRS.Command.ProductCreateCommand|RequestType: _ProductCreateCommand_02/11/2019 08:05:09
2019-02-11 11:05:09.5782|INFO|Guide.Application.CQRS.Command.ProductCreateCommand|Audit Log Data: {"Id":0,"Name":"Test Prod-5","Code":"Prd005","StockQuantity":0}
2019-02-11 11:05:11.6507|INFO|Microsoft.EntityFrameworkCore.Infrastructure|Entity Framework Core 2.1.4-rtm-31024 initialized 'GuideContext' using provider 'Microsoft.EntityFrameworkCore.SqlServer' with options: None
2019-02-11 11:05:12.2417|INFO|Microsoft.EntityFrameworkCore.Database.Command|Executed DbCommand (2ms) [Parameters=[@p0='?' (Size = 4000), @p1='?' (DbType = Int32), @p2='?' (DbType = DateTime2), @p3='?' (DbType = Int32), @p4='?' (DbType = DateTime2), @p5='?' (Size = 4000), @p6='?' (DbType = Int32)], CommandType='Text', CommandTimeout='30']
SET NOCOUNT ON;
INSERT INTO [Products] ([Code], [CreatedBy], [CreatedOn], [ModifiedBy], [ModifiedOn], [Name], [StockAmount])
VALUES (@p0, @p1, @p2, @p3, @p4, @p5, @p6);
SELECT [Id]
FROM [Products]
WHERE @@ROWCOUNT = 1 AND [Id] = scope_identity();
2019-02-11 11:05:23.4236|INFO|Microsoft.AspNetCore.Mvc.Internal.ControllerActionInvoker|Executed action method Guide.API.Controllers.ProductController.Post (Guide.API), returned result Microsoft.AspNetCore.Mvc.CreatedAtRouteResult in 15086.2607ms.
2019-02-11 11:05:23.4349|INFO|Microsoft.AspNetCore.Mvc.Infrastructure.ObjectResultExecutor|Executing ObjectResult, writing value of type 'Guide.Application.ViewModel.CommandResponses.Product.ProductCreateView'.
2019-02-11 11:05:23.4349|INFO|Microsoft.AspNetCore.Mvc.Internal.ControllerActionInvoker|Executed action Guide.API.Controllers.ProductController.Post (Guide.API) in 15187.772ms
2019-02-11 11:05:23.4608|ERROR|Microsoft.AspNetCore.Diagnostics.DeveloperExceptionPageMiddleware|An unhandled exception has occurred while executing the request.
2019-02-11 11:05:23.4876|INFO|Microsoft.AspNetCore.Hosting.Internal.WebHost|Request finished in 15299.9932ms 500 text/html; charset=utf-8
2019-02-11 11:09:01.4998|INFO|Microsoft.AspNetCore.Hosting.Internal.WebHost|Request starting HTTP/1.1 DEBUG http://localhost:58421/  0
2019-02-11 11:09:01.5858|INFO|Microsoft.AspNetCore.Hosting.Internal.WebHost|Request finished in 87.5171ms 200 
2019-02-11 11:09:08.1059|INFO|Microsoft.AspNetCore.Hosting.Internal.WebHost|Request starting HTTP/1.1 POST http://localhost:58421/api/products application/json 98
2019-02-11 11:09:08.1616|INFO|Microsoft.AspNetCore.Mvc.Internal.ControllerActionInvoker|Route matched with {action = "Post", controller = "Product"}. Executing action Guide.API.Controllers.ProductController.Post (Guide.API)
2019-02-11 11:09:08.2423|INFO|Microsoft.AspNetCore.Mvc.Internal.ControllerActionInvoker|Executing action method Guide.API.Controllers.ProductController.Post (Guide.API) with arguments (Guide.Application.CQRS.Command.ProductCreateCommand) - Validation state: Valid
2019-02-11 11:09:09.9177|INFO|Guide.Application.CQRS.Command.ProductCreateCommand|RequestType: _ProductCreateCommand_02/11/2019 08:09:09
2019-02-11 11:09:09.9362|INFO|Guide.Application.CQRS.Command.ProductCreateCommand|Audit Log Data: {"Id":0,"Name":"Test Prod-5","Code":"Prd005","StockQuantity":0}
2019-02-11 11:09:12.2015|INFO|Microsoft.AspNetCore.Mvc.Internal.ControllerActionInvoker|Executed action Guide.API.Controllers.ProductController.Post (Guide.API) in 4032.1047ms
2019-02-11 11:09:12.2015|ERROR|Microsoft.AspNetCore.Diagnostics.DeveloperExceptionPageMiddleware|An unhandled exception has occurred while executing the request.
2019-02-11 11:09:12.2336|INFO|Microsoft.AspNetCore.Hosting.Internal.WebHost|Request finished in 4127.7649ms 500 text/html; charset=utf-8
2019-02-11 11:11:30.4450|INFO|Microsoft.AspNetCore.Hosting.Internal.WebHost|Request starting HTTP/1.1 POST http://localhost:58421/api/products application/json 98
2019-02-11 11:11:30.4450|INFO|Microsoft.AspNetCore.Mvc.Internal.ControllerActionInvoker|Route matched with {action = "Post", controller = "Product"}. Executing action Guide.API.Controllers.ProductController.Post (Guide.API)
2019-02-11 11:11:30.4450|INFO|Microsoft.AspNetCore.Mvc.Internal.ControllerActionInvoker|Executing action method Guide.API.Controllers.ProductController.Post (Guide.API) with arguments (Guide.Application.CQRS.Command.ProductCreateCommand) - Validation state: Valid
2019-02-11 11:11:31.8850|INFO|Guide.Application.CQRS.Command.ProductCreateCommand|RequestType: _ProductCreateCommand_02/11/2019 08:11:31
2019-02-11 11:11:31.8850|INFO|Guide.Application.CQRS.Command.ProductCreateCommand|Audit Log Data: {"Id":0,"Name":"Test Prod-5","Code":"Prd005","StockQuantity":0}
2019-02-11 11:11:33.6248|INFO|Microsoft.AspNetCore.Mvc.Internal.ControllerActionInvoker|Executed action Guide.API.Controllers.ProductController.Post (Guide.API) in 3169.5448ms
2019-02-11 11:11:33.6361|ERROR|Microsoft.AspNetCore.Diagnostics.DeveloperExceptionPageMiddleware|An unhandled exception has occurred while executing the request.
2019-02-11 11:11:35.5884|INFO|Microsoft.AspNetCore.Hosting.Internal.WebHost|Request finished in 5143.5476ms 500 text/html; charset=utf-8
2019-02-11 11:12:50.8266|INFO|Microsoft.AspNetCore.Hosting.Internal.WebHost|Request starting HTTP/1.1 POST http://localhost:58421/api/products application/json 98
2019-02-11 11:12:50.8266|INFO|Microsoft.AspNetCore.Mvc.Internal.ControllerActionInvoker|Route matched with {action = "Post", controller = "Product"}. Executing action Guide.API.Controllers.ProductController.Post (Guide.API)
2019-02-11 11:12:50.8375|INFO|Microsoft.AspNetCore.Mvc.Internal.ControllerActionInvoker|Executing action method Guide.API.Controllers.ProductController.Post (Guide.API) with arguments (Guide.Application.CQRS.Command.ProductCreateCommand) - Validation state: Valid
2019-02-11 11:12:52.3519|INFO|Guide.Application.CQRS.Command.ProductCreateCommand|RequestType: _ProductCreateCommand_02/11/2019 08:12:52
2019-02-11 11:12:52.3519|INFO|Guide.Application.CQRS.Command.ProductCreateCommand|Audit Log Data: {"Id":0,"Name":"Test Prod-5","Code":"Prd005","StockQuantity":0}
2019-02-11 11:12:53.6743|INFO|Microsoft.AspNetCore.Mvc.Internal.ControllerActionInvoker|Executed action Guide.API.Controllers.ProductController.Post (Guide.API) in 2836.85ms
2019-02-11 11:12:53.6803|ERROR|Microsoft.AspNetCore.Diagnostics.DeveloperExceptionPageMiddleware|An unhandled exception has occurred while executing the request.
2019-02-11 11:12:53.6803|INFO|Microsoft.AspNetCore.Hosting.Internal.WebHost|Request finished in 2863.292ms 500 text/html; charset=utf-8
2019-02-11 11:13:07.8119|INFO|Microsoft.AspNetCore.Hosting.Internal.WebHost|Request starting HTTP/1.1 POST http://localhost:58421/api/products application/json 98
2019-02-11 11:13:07.8119|INFO|Microsoft.AspNetCore.Mvc.Internal.ControllerActionInvoker|Route matched with {action = "Post", controller = "Product"}. Executing action Guide.API.Controllers.ProductController.Post (Guide.API)
2019-02-11 11:13:07.8119|INFO|Microsoft.AspNetCore.Mvc.Internal.ControllerActionInvoker|Executing action method Guide.API.Controllers.ProductController.Post (Guide.API) with arguments (Guide.Application.CQRS.Command.ProductCreateCommand) - Validation state: Valid
2019-02-11 11:13:09.8175|INFO|Guide.Application.CQRS.Command.ProductCreateCommand|RequestType: _ProductCreateCommand_02/11/2019 08:13:09
2019-02-11 11:13:09.8204|INFO|Guide.Application.CQRS.Command.ProductCreateCommand|Audit Log Data: {"Id":0,"Name":"Test Prod-5","Code":"Prd005","StockQuantity":0}
2019-02-11 11:13:10.7910|INFO|Microsoft.AspNetCore.Mvc.Internal.ControllerActionInvoker|Executed action Guide.API.Controllers.ProductController.Post (Guide.API) in 2973.4058ms
2019-02-11 11:13:10.7910|ERROR|Microsoft.AspNetCore.Diagnostics.DeveloperExceptionPageMiddleware|An unhandled exception has occurred while executing the request.
2019-02-11 11:13:10.8041|INFO|Microsoft.AspNetCore.Hosting.Internal.WebHost|Request finished in 2991.7983ms 500 text/html; charset=utf-8
2019-02-11 11:15:36.5588|INFO|Microsoft.AspNetCore.Hosting.Internal.WebHost|Request starting HTTP/1.1 DEBUG http://localhost:58421/  0
2019-02-11 11:15:36.6523|INFO|Microsoft.AspNetCore.Hosting.Internal.WebHost|Request finished in 92.4881ms 200 
2019-02-11 11:15:54.0020|INFO|Microsoft.AspNetCore.Hosting.Internal.WebHost|Request starting HTTP/1.1 POST http://localhost:58421/api/products application/json 98
2019-02-11 11:15:54.0666|INFO|Microsoft.AspNetCore.Mvc.Internal.ControllerActionInvoker|Route matched with {action = "Post", controller = "Product"}. Executing action Guide.API.Controllers.ProductController.Post (Guide.API)
2019-02-11 11:15:54.1493|INFO|Microsoft.AspNetCore.Mvc.Internal.ControllerActionInvoker|Executing action method Guide.API.Controllers.ProductController.Post (Guide.API) with arguments (Guide.Application.CQRS.Command.ProductCreateCommand) - Validation state: Valid
2019-02-11 11:15:55.7875|INFO|Guide.Application.CQRS.Command.ProductCreateCommand|RequestType: _ProductCreateCommand_02/11/2019 08:15:55
2019-02-11 11:15:55.8075|INFO|Guide.Application.CQRS.Command.ProductCreateCommand|Audit Log Data: {"Id":0,"Name":"Test Prod-5","Code":"Prd005","StockQuantity":0}
2019-02-11 11:15:58.0342|ERROR|Guide.Application.ExceptionHandling.GlobalExceptionHandler|Test hata var
2019-02-11 11:16:01.2615|INFO|Microsoft.AspNetCore.Mvc.Internal.ControllerActionInvoker|Executed action Guide.API.Controllers.ProductController.Post (Guide.API) in 7185.0652ms
2019-02-11 11:16:01.2615|INFO|Microsoft.AspNetCore.Hosting.Internal.WebHost|Request finished in 7266.8215ms 500 application/json
2019-02-11 11:16:34.5253|INFO|Microsoft.AspNetCore.Hosting.Internal.WebHost|Request starting HTTP/1.1 DEBUG http://localhost:58421/  0
2019-02-11 11:16:34.5970|INFO|Microsoft.AspNetCore.Hosting.Internal.WebHost|Request starting HTTP/1.1 POST http://localhost:58421/api/products application/json 98
2019-02-11 11:16:34.6248|INFO|Microsoft.AspNetCore.Hosting.Internal.WebHost|Request finished in 102.3814ms 200 
2019-02-11 11:16:34.6805|INFO|Microsoft.AspNetCore.Mvc.Internal.ControllerActionInvoker|Route matched with {action = "Post", controller = "Product"}. Executing action Guide.API.Controllers.ProductController.Post (Guide.API)
2019-02-11 11:16:34.7624|INFO|Microsoft.AspNetCore.Mvc.Internal.ControllerActionInvoker|Executing action method Guide.API.Controllers.ProductController.Post (Guide.API) with arguments (Guide.Application.CQRS.Command.ProductCreateCommand) - Validation state: Valid
2019-02-11 11:16:34.7731|INFO|Guide.Application.CQRS.Command.ProductCreateCommand|RequestType: _ProductCreateCommand_02/11/2019 08:16:34
2019-02-11 11:16:34.7931|INFO|Guide.Application.CQRS.Command.ProductCreateCommand|Audit Log Data: {"Id":0,"Name":"Test Prod-5","Code":"Prd005","StockQuantity":0}
2019-02-11 11:16:37.2348|ERROR|Guide.Application.ExceptionHandling.GlobalExceptionHandler|Test hata var
2019-02-11 11:16:38.0060|INFO|Microsoft.AspNetCore.Mvc.Internal.ControllerActionInvoker|Executed action Guide.API.Controllers.ProductController.Post (Guide.API) in 3317.6689ms
2019-02-11 11:16:38.0060|INFO|Microsoft.AspNetCore.Hosting.Internal.WebHost|Request finished in 3414.3554ms 500 application/json
2019-02-11 11:17:30.1329|INFO|Microsoft.AspNetCore.Hosting.Internal.WebHost|Request starting HTTP/1.1 POST http://localhost:58421/api/products application/json 98
2019-02-11 11:17:30.1329|INFO|Microsoft.AspNetCore.Mvc.Internal.ControllerActionInvoker|Route matched with {action = "Post", controller = "Product"}. Executing action Guide.API.Controllers.ProductController.Post (Guide.API)
2019-02-11 11:17:30.1466|INFO|Microsoft.AspNetCore.Mvc.Internal.ControllerActionInvoker|Executing action method Guide.API.Controllers.ProductController.Post (Guide.API) with arguments (Guide.Application.CQRS.Command.ProductCreateCommand) - Validation state: Valid
2019-02-11 11:17:30.1466|INFO|Guide.Application.CQRS.Command.ProductCreateCommand|RequestType: _ProductCreateCommand_02/11/2019 08:17:30
2019-02-11 11:17:30.1466|INFO|Guide.Application.CQRS.Command.ProductCreateCommand|Audit Log Data: {"Id":0,"Name":"Test Prod-5","Code":"Prd005","StockQuantity":0}
2019-02-11 11:17:33.2004|ERROR|Guide.Application.ExceptionHandling.GlobalExceptionHandler|Test hata var
2019-02-11 11:26:34.2296|INFO|Microsoft.AspNetCore.Hosting.Internal.WebHost|Request starting HTTP/1.1 DEBUG http://localhost:58421/  0
2019-02-11 11:26:34.3206|INFO|Microsoft.AspNetCore.Hosting.Internal.WebHost|Request finished in 93.148ms 200 
2019-02-11 11:26:47.1380|INFO|Microsoft.AspNetCore.Hosting.Internal.WebHost|Request starting HTTP/1.1 POST http://localhost:58421/api/products application/json 98
2019-02-11 11:26:47.1972|INFO|Microsoft.AspNetCore.Mvc.Internal.ControllerActionInvoker|Route matched with {action = "Post", controller = "Product"}. Executing action Guide.API.Controllers.ProductController.Post (Guide.API)
2019-02-11 11:26:47.2821|INFO|Microsoft.AspNetCore.Mvc.Internal.ControllerActionInvoker|Executing action method Guide.API.Controllers.ProductController.Post (Guide.API) with arguments (Guide.Application.CQRS.Command.ProductCreateCommand) - Validation state: Valid
2019-02-11 11:26:47.2953|INFO|Guide.Application.CQRS.Command.ProductCreateCommand|RequestType: _ProductCreateCommand_02/11/2019 08:26:47
2019-02-11 11:26:47.3158|INFO|Guide.Application.CQRS.Command.ProductCreateCommand|Audit Log Data: {"Id":0,"Name":"Test Prod-5","Code":"Prd008","StockQuantity":0}
2019-02-11 11:26:47.4449|INFO|Microsoft.EntityFrameworkCore.Infrastructure|Entity Framework Core 2.1.4-rtm-31024 initialized 'GuideContext' using provider 'Microsoft.EntityFrameworkCore.SqlServer' with options: None
2019-02-11 11:26:47.5095|INFO|Microsoft.EntityFrameworkCore.Database.Command|Executed DbCommand (2ms) [Parameters=[@p0='?' (Size = 4000), @p1='?' (DbType = Int32), @p2='?' (DbType = DateTime2), @p3='?' (DbType = Int32), @p4='?' (DbType = DateTime2), @p5='?' (Size = 4000), @p6='?' (DbType = Int32)], CommandType='Text', CommandTimeout='30']
SET NOCOUNT ON;
INSERT INTO [Products] ([Code], [CreatedBy], [CreatedOn], [ModifiedBy], [ModifiedOn], [Name], [StockAmount])
VALUES (@p0, @p1, @p2, @p3, @p4, @p5, @p6);
SELECT [Id]
FROM [Products]
WHERE @@ROWCOUNT = 1 AND [Id] = scope_identity();
2019-02-11 11:26:52.0833|INFO|Microsoft.AspNetCore.Mvc.Internal.ControllerActionInvoker|Executed action method Guide.API.Controllers.ProductController.Post (Guide.API), returned result Microsoft.AspNetCore.Mvc.CreatedAtRouteResult in 4794.4646ms.
2019-02-11 11:26:52.0833|INFO|Microsoft.AspNetCore.Mvc.Infrastructure.ObjectResultExecutor|Executing ObjectResult, writing value of type 'Guide.Application.ViewModel.CommandResponses.Product.ProductCreateView'.
2019-02-11 11:26:52.1052|INFO|Microsoft.AspNetCore.Mvc.Internal.ControllerActionInvoker|Executed action Guide.API.Controllers.ProductController.Post (Guide.API) in 4899.7857ms
2019-02-11 11:26:52.1052|INFO|Microsoft.AspNetCore.Hosting.Internal.WebHost|Request finished in 4975.0186ms 201 application/json; charset=utf-8
2019-02-11 11:27:11.7269|INFO|Microsoft.AspNetCore.Hosting.Internal.WebHost|Request starting HTTP/1.1 POST http://localhost:58421/api/products application/json 98
2019-02-11 11:27:11.7269|INFO|Microsoft.AspNetCore.Mvc.Internal.ControllerActionInvoker|Route matched with {action = "Post", controller = "Product"}. Executing action Guide.API.Controllers.ProductController.Post (Guide.API)
2019-02-11 11:27:11.7269|INFO|Microsoft.AspNetCore.Mvc.Internal.ControllerActionInvoker|Executing action method Guide.API.Controllers.ProductController.Post (Guide.API) with arguments (Guide.Application.CQRS.Command.ProductCreateCommand) - Validation state: Valid
2019-02-11 11:27:11.7384|INFO|Guide.Application.CQRS.Command.ProductCreateCommand|RequestType: _ProductCreateCommand_02/11/2019 08:27:11
2019-02-11 11:27:11.7384|INFO|Guide.Application.CQRS.Command.ProductCreateCommand|Audit Log Data: {"Id":0,"Name":"Test Prod-5","Code":"Prd009","StockQuantity":0}
2019-02-11 11:27:11.7384|INFO|Microsoft.EntityFrameworkCore.Infrastructure|Entity Framework Core 2.1.4-rtm-31024 initialized 'GuideContext' using provider 'Microsoft.EntityFrameworkCore.SqlServer' with options: None
2019-02-11 11:27:11.7384|INFO|Microsoft.EntityFrameworkCore.Database.Command|Executed DbCommand (0ms) [Parameters=[@p0='?' (Size = 4000), @p1='?' (DbType = Int32), @p2='?' (DbType = DateTime2), @p3='?' (DbType = Int32), @p4='?' (DbType = DateTime2), @p5='?' (Size = 4000), @p6='?' (DbType = Int32)], CommandType='Text', CommandTimeout='30']
SET NOCOUNT ON;
INSERT INTO [Products] ([Code], [CreatedBy], [CreatedOn], [ModifiedBy], [ModifiedOn], [Name], [StockAmount])
VALUES (@p0, @p1, @p2, @p3, @p4, @p5, @p6);
SELECT [Id]
FROM [Products]
WHERE @@ROWCOUNT = 1 AND [Id] = scope_identity();
2019-02-11 11:27:13.7027|INFO|Microsoft.AspNetCore.Mvc.Internal.ControllerActionInvoker|Executed action method Guide.API.Controllers.ProductController.Post (Guide.API), returned result Microsoft.AspNetCore.Mvc.CreatedAtRouteResult in 1963.8911ms.
2019-02-11 11:27:13.7027|INFO|Microsoft.AspNetCore.Mvc.Infrastructure.ObjectResultExecutor|Executing ObjectResult, writing value of type 'Guide.Application.ViewModel.CommandResponses.Product.ProductCreateView'.
2019-02-11 11:27:13.7089|INFO|Microsoft.AspNetCore.Mvc.Internal.ControllerActionInvoker|Executed action Guide.API.Controllers.ProductController.Post (Guide.API) in 1974.0304ms
2019-02-11 11:27:13.7089|INFO|Microsoft.AspNetCore.Hosting.Internal.WebHost|Request finished in 1987.1081ms 201 application/json; charset=utf-8
2019-02-11 11:27:43.3450|INFO|Microsoft.AspNetCore.Hosting.Internal.WebHost|Request starting HTTP/1.1 DEBUG http://localhost:58421/  0
2019-02-11 11:27:43.4345|INFO|Microsoft.AspNetCore.Hosting.Internal.WebHost|Request finished in 91.5338ms 200 
2019-02-11 11:27:46.9664|INFO|Microsoft.AspNetCore.Hosting.Internal.WebHost|Request starting HTTP/1.1 POST http://localhost:58421/api/products application/json 98
2019-02-11 11:27:47.0250|INFO|Microsoft.AspNetCore.Mvc.Internal.ControllerActionInvoker|Route matched with {action = "Post", controller = "Product"}. Executing action Guide.API.Controllers.ProductController.Post (Guide.API)
2019-02-11 11:27:47.1077|INFO|Microsoft.AspNetCore.Mvc.Internal.ControllerActionInvoker|Executing action method Guide.API.Controllers.ProductController.Post (Guide.API) with arguments (Guide.Application.CQRS.Command.ProductCreateCommand) - Validation state: Valid
2019-02-11 11:27:47.1182|INFO|Guide.Application.CQRS.Command.ProductCreateCommand|RequestType: _ProductCreateCommand_02/11/2019 08:27:47
2019-02-11 11:27:47.1385|INFO|Guide.Application.CQRS.Command.ProductCreateCommand|Audit Log Data: {"Id":0,"Name":"Test Prod-5","Code":"Prd009","StockQuantity":0}
2019-02-11 11:27:47.2719|INFO|Microsoft.EntityFrameworkCore.Infrastructure|Entity Framework Core 2.1.4-rtm-31024 initialized 'GuideContext' using provider 'Microsoft.EntityFrameworkCore.SqlServer' with options: None
2019-02-11 11:27:47.3328|INFO|Microsoft.EntityFrameworkCore.Database.Command|Executed DbCommand (2ms) [Parameters=[@p0='?' (Size = 4000), @p1='?' (DbType = Int32), @p2='?' (DbType = DateTime2), @p3='?' (DbType = Int32), @p4='?' (DbType = DateTime2), @p5='?' (Size = 4000), @p6='?' (DbType = Int32)], CommandType='Text', CommandTimeout='30']
SET NOCOUNT ON;
INSERT INTO [Products] ([Code], [CreatedBy], [CreatedOn], [ModifiedBy], [ModifiedOn], [Name], [StockAmount])
VALUES (@p0, @p1, @p2, @p3, @p4, @p5, @p6);
SELECT [Id]
FROM [Products]
WHERE @@ROWCOUNT = 1 AND [Id] = scope_identity();
2019-02-11 11:27:49.5129|INFO|Microsoft.AspNetCore.Mvc.Internal.ControllerActionInvoker|Executed action method Guide.API.Controllers.ProductController.Post (Guide.API), returned result Microsoft.AspNetCore.Mvc.CreatedAtRouteResult in 2397.9546ms.
2019-02-11 11:27:49.5215|INFO|Microsoft.AspNetCore.Mvc.Infrastructure.ObjectResultExecutor|Executing ObjectResult, writing value of type 'Guide.Application.ViewModel.CommandResponses.Product.ProductCreateView'.
2019-02-11 11:27:49.5215|INFO|Microsoft.AspNetCore.Mvc.Internal.ControllerActionInvoker|Executed action Guide.API.Controllers.ProductController.Post (Guide.API) in 2501.6638ms
2019-02-11 11:27:49.5429|INFO|Microsoft.AspNetCore.Hosting.Internal.WebHost|Request finished in 2574.6182ms 201 application/json; charset=utf-8
2019-02-11 11:29:21.0500|INFO|Microsoft.AspNetCore.Hosting.Internal.WebHost|Request starting HTTP/1.1 DEBUG http://localhost:58421/  0
2019-02-11 11:29:21.1364|INFO|Microsoft.AspNetCore.Hosting.Internal.WebHost|Request finished in 89.3754ms 200 
2019-02-11 11:29:40.3885|INFO|Microsoft.AspNetCore.Hosting.Internal.WebHost|Request starting HTTP/1.1 POST http://localhost:58421/api/products application/json 98
2019-02-11 11:29:40.4496|INFO|Microsoft.AspNetCore.Mvc.Internal.ControllerActionInvoker|Route matched with {action = "Post", controller = "Product"}. Executing action Guide.API.Controllers.ProductController.Post (Guide.API)
2019-02-11 11:29:40.5309|INFO|Microsoft.AspNetCore.Mvc.Internal.ControllerActionInvoker|Executing action method Guide.API.Controllers.ProductController.Post (Guide.API) with arguments (Guide.Application.CQRS.Command.ProductCreateCommand) - Validation state: Valid
2019-02-11 11:29:40.5640|INFO|Guide.Application.CQRS.Command.ProductCreateCommand|RequestType: _ProductCreateCommand_02/11/2019 08:29:40
2019-02-11 11:29:40.5841|INFO|Guide.Application.CQRS.Command.ProductCreateCommand|Audit Log Data: {"Id":0,"Name":"Test Prod-5","Code":"Prd009","StockQuantity":0}
2019-02-11 11:29:40.7217|INFO|Microsoft.EntityFrameworkCore.Infrastructure|Entity Framework Core 2.1.4-rtm-31024 initialized 'GuideContext' using provider 'Microsoft.EntityFrameworkCore.SqlServer' with options: None
2019-02-11 11:29:40.7817|INFO|Microsoft.EntityFrameworkCore.Database.Command|Executed DbCommand (2ms) [Parameters=[@p0='?' (Size = 4000), @p1='?' (DbType = Int32), @p2='?' (DbType = DateTime2), @p3='?' (DbType = Int32), @p4='?' (DbType = DateTime2), @p5='?' (Size = 4000), @p6='?' (DbType = Int32)], CommandType='Text', CommandTimeout='30']
SET NOCOUNT ON;
INSERT INTO [Products] ([Code], [CreatedBy], [CreatedOn], [ModifiedBy], [ModifiedOn], [Name], [StockAmount])
VALUES (@p0, @p1, @p2, @p3, @p4, @p5, @p6);
SELECT [Id]
FROM [Products]
WHERE @@ROWCOUNT = 1 AND [Id] = scope_identity();
2019-02-11 11:29:44.1603|INFO|Microsoft.AspNetCore.Mvc.Internal.ControllerActionInvoker|Executed action method Guide.API.Controllers.ProductController.Post (Guide.API), returned result Microsoft.AspNetCore.Mvc.CreatedAtRouteResult in 3600.8085ms.
2019-02-11 11:29:44.1603|INFO|Microsoft.AspNetCore.Mvc.Infrastructure.ObjectResultExecutor|Executing ObjectResult, writing value of type '<>f__AnonymousType0`1[[System.Int32, System.Private.CoreLib, Version=4.0.0.0, Culture=neutral, PublicKeyToken=7cec85d7bea7798e]]'.
2019-02-11 11:29:44.1784|INFO|Microsoft.AspNetCore.Mvc.Internal.ControllerActionInvoker|Executed action Guide.API.Controllers.ProductController.Post (Guide.API) in 3720.9996ms
2019-02-11 11:29:44.1962|ERROR|Microsoft.AspNetCore.Diagnostics.DeveloperExceptionPageMiddleware|An unhandled exception has occurred while executing the request.
2019-02-11 11:29:44.2231|INFO|Microsoft.AspNetCore.Hosting.Internal.WebHost|Request finished in 3835.0543ms 500 text/html; charset=utf-8
2019-02-11 11:30:19.1704|INFO|Microsoft.AspNetCore.Hosting.Internal.WebHost|Request starting HTTP/1.1 GET http://localhost:58421/api/products/1 application/json 98
2019-02-11 11:30:19.1811|INFO|Microsoft.AspNetCore.Mvc.Internal.ControllerActionInvoker|Route matched with {action = "Get", controller = "Product"}. Executing action Guide.API.Controllers.ProductController.Get (Guide.API)
2019-02-11 11:30:19.1811|INFO|Microsoft.AspNetCore.Mvc.Internal.ControllerActionInvoker|Executing action method Guide.API.Controllers.ProductController.Get (Guide.API) with arguments (1) - Validation state: Valid
2019-02-11 11:31:26.1132|INFO|Microsoft.AspNetCore.Hosting.Internal.WebHost|Request starting HTTP/1.1 DEBUG http://localhost:58421/  0
2019-02-11 11:31:26.2019|INFO|Microsoft.AspNetCore.Hosting.Internal.WebHost|Request finished in 111.2879ms 200 
2019-02-11 11:31:29.6870|INFO|Microsoft.AspNetCore.Hosting.Internal.WebHost|Request starting HTTP/1.1 GET http://localhost:58421/api/products/1 application/json 98
2019-02-11 11:31:29.7446|INFO|Microsoft.AspNetCore.Mvc.Internal.ControllerActionInvoker|Route matched with {action = "Get", controller = "Product"}. Executing action Guide.API.Controllers.ProductController.Get (Guide.API)
2019-02-11 11:31:29.7966|INFO|Microsoft.AspNetCore.Mvc.Internal.ControllerActionInvoker|Executing action method Guide.API.Controllers.ProductController.Get (Guide.API) with arguments (1) - Validation state: Valid
2019-02-11 11:31:33.6085|INFO|Microsoft.EntityFrameworkCore.Infrastructure|Entity Framework Core 2.1.4-rtm-31024 initialized 'GuideContext' using provider 'Microsoft.EntityFrameworkCore.SqlServer' with options: None
2019-02-11 11:31:33.6702|INFO|Microsoft.EntityFrameworkCore.Database.Command|Executed DbCommand (1ms) [Parameters=[@__id_0='?' (DbType = Int32)], CommandType='Text', CommandTimeout='30']
SELECT TOP(2) [p].[Id], [p].[Code], [p].[CreatedBy], [p].[CreatedOn], [p].[ModifiedBy], [p].[ModifiedOn], [p].[Name], [p].[StockAmount]
FROM [Products] AS [p]
WHERE [p].[Id] = @__id_0
2019-02-11 11:31:36.0094|INFO|Microsoft.AspNetCore.Mvc.Internal.ControllerActionInvoker|Executed action method Guide.API.Controllers.ProductController.Get (Guide.API), returned result Microsoft.AspNetCore.Mvc.OkObjectResult in 6206.315ms.
2019-02-11 11:31:36.0183|INFO|Microsoft.AspNetCore.Mvc.Infrastructure.ObjectResultExecutor|Executing ObjectResult, writing value of type 'Guide.Application.ViewModel.QueryResponses.Product.ProductView'.
2019-02-11 11:31:36.0509|INFO|Microsoft.AspNetCore.Mvc.Internal.ControllerActionInvoker|Executed action Guide.API.Controllers.ProductController.Get (Guide.API) in 6297.1269ms
2019-02-11 11:31:36.0509|INFO|Microsoft.AspNetCore.Hosting.Internal.WebHost|Request finished in 6373.7452ms 200 application/json; charset=utf-8
2019-02-11 11:31:36.0692|INFO|Microsoft.AspNetCore.Server.Kestrel|Connection id "0HLKFVD7V2DP3", Request id "0HLKFVD7V2DP3:00000002": the application completed without reading the entire request body.
2019-02-11 11:31:43.8943|INFO|Microsoft.AspNetCore.Hosting.Internal.WebHost|Request starting HTTP/1.1 POST http://localhost:58421/api/products application/json 98
2019-02-11 11:31:43.8943|INFO|Microsoft.AspNetCore.Mvc.Internal.ControllerActionInvoker|Route matched with {action = "Post", controller = "Product"}. Executing action Guide.API.Controllers.ProductController.Post (Guide.API)
2019-02-11 11:31:43.9120|INFO|Microsoft.AspNetCore.Mvc.Internal.ControllerActionInvoker|Executing action method Guide.API.Controllers.ProductController.Post (Guide.API) with arguments (Guide.Application.CQRS.Command.ProductCreateCommand) - Validation state: Valid
2019-02-11 11:31:43.9120|INFO|Guide.Application.CQRS.Command.ProductCreateCommand|RequestType: _ProductCreateCommand_02/11/2019 08:31:43
2019-02-11 11:31:43.9374|INFO|Guide.Application.CQRS.Command.ProductCreateCommand|Audit Log Data: {"Id":0,"Name":"Test Prod-5","Code":"Prd009","StockQuantity":0}
2019-02-11 11:31:43.9468|INFO|Microsoft.EntityFrameworkCore.Infrastructure|Entity Framework Core 2.1.4-rtm-31024 initialized 'GuideContext' using provider 'Microsoft.EntityFrameworkCore.SqlServer' with options: None
2019-02-11 11:31:43.9856|INFO|Microsoft.EntityFrameworkCore.Database.Command|Executed DbCommand (1ms) [Parameters=[@p0='?' (Size = 4000), @p1='?' (DbType = Int32), @p2='?' (DbType = DateTime2), @p3='?' (DbType = Int32), @p4='?' (DbType = DateTime2), @p5='?' (Size = 4000), @p6='?' (DbType = Int32)], CommandType='Text', CommandTimeout='30']
SET NOCOUNT ON;
INSERT INTO [Products] ([Code], [CreatedBy], [CreatedOn], [ModifiedBy], [ModifiedOn], [Name], [StockAmount])
VALUES (@p0, @p1, @p2, @p3, @p4, @p5, @p6);
SELECT [Id]
FROM [Products]
WHERE @@ROWCOUNT = 1 AND [Id] = scope_identity();
2019-02-11 11:31:46.7820|INFO|Microsoft.AspNetCore.Mvc.Internal.ControllerActionInvoker|Executed action method Guide.API.Controllers.ProductController.Post (Guide.API), returned result Microsoft.AspNetCore.Mvc.CreatedAtRouteResult in 2866.9079ms.
2019-02-11 11:31:46.7856|INFO|Microsoft.AspNetCore.Mvc.Infrastructure.ObjectResultExecutor|Executing ObjectResult, writing value of type '<>f__AnonymousType0`1[[System.Int32, System.Private.CoreLib, Version=4.0.0.0, Culture=neutral, PublicKeyToken=7cec85d7bea7798e]]'.
2019-02-11 11:31:46.7856|INFO|Microsoft.AspNetCore.Mvc.Internal.ControllerActionInvoker|Executed action Guide.API.Controllers.ProductController.Post (Guide.API) in 2887.6064ms
2019-02-11 11:31:46.8054|ERROR|Microsoft.AspNetCore.Diagnostics.DeveloperExceptionPageMiddleware|An unhandled exception has occurred while executing the request.
2019-02-11 11:31:46.8273|INFO|Microsoft.AspNetCore.Hosting.Internal.WebHost|Request finished in 2932.8553ms 500 text/html; charset=utf-8
2019-02-11 11:34:18.9180|INFO|Microsoft.AspNetCore.Hosting.Internal.WebHost|Request starting HTTP/1.1 DEBUG http://localhost:58421/  0
2019-02-11 11:34:19.0097|INFO|Microsoft.AspNetCore.Hosting.Internal.WebHost|Request finished in 91.8728ms 200 
2019-02-11 11:34:25.7578|INFO|Microsoft.AspNetCore.Hosting.Internal.WebHost|Request starting HTTP/1.1 POST http://localhost:58421/api/products application/json 98
2019-02-11 11:34:25.8315|INFO|Microsoft.AspNetCore.Mvc.Internal.ControllerActionInvoker|Route matched with {action = "Post", controller = "Product"}. Executing action Guide.API.Controllers.ProductController.Post (Guide.API)
2019-02-11 11:34:25.9134|INFO|Microsoft.AspNetCore.Mvc.Internal.ControllerActionInvoker|Executing action method Guide.API.Controllers.ProductController.Post (Guide.API) with arguments (Guide.Application.CQRS.Command.ProductCreateCommand) - Validation state: Valid
2019-02-11 11:34:25.9246|INFO|Guide.Application.CQRS.Command.ProductCreateCommand|RequestType: _ProductCreateCommand_02/11/2019 08:34:25
2019-02-11 11:34:25.9453|INFO|Guide.Application.CQRS.Command.ProductCreateCommand|Audit Log Data: {"Id":0,"Name":"Test Prod-5","Code":"Prd009","StockQuantity":0}
2019-02-11 11:34:26.0899|INFO|Microsoft.EntityFrameworkCore.Infrastructure|Entity Framework Core 2.1.4-rtm-31024 initialized 'GuideContext' using provider 'Microsoft.EntityFrameworkCore.SqlServer' with options: None
2019-02-11 11:34:26.1492|INFO|Microsoft.EntityFrameworkCore.Database.Command|Executed DbCommand (2ms) [Parameters=[@p0='?' (Size = 4000), @p1='?' (DbType = Int32), @p2='?' (DbType = DateTime2), @p3='?' (DbType = Int32), @p4='?' (DbType = DateTime2), @p5='?' (Size = 4000), @p6='?' (DbType = Int32)], CommandType='Text', CommandTimeout='30']
SET NOCOUNT ON;
INSERT INTO [Products] ([Code], [CreatedBy], [CreatedOn], [ModifiedBy], [ModifiedOn], [Name], [StockAmount])
VALUES (@p0, @p1, @p2, @p3, @p4, @p5, @p6);
SELECT [Id]
FROM [Products]
WHERE @@ROWCOUNT = 1 AND [Id] = scope_identity();
2019-02-11 11:34:27.7716|INFO|Microsoft.AspNetCore.Mvc.Internal.ControllerActionInvoker|Executed action method Guide.API.Controllers.ProductController.Post (Guide.API), returned result Microsoft.AspNetCore.Mvc.CreatedAtRouteResult in 1851.357ms.
2019-02-11 11:34:27.7716|INFO|Microsoft.AspNetCore.Mvc.Infrastructure.ObjectResultExecutor|Executing ObjectResult, writing value of type 'Guide.Application.ViewModel.CommandResponses.Product.ProductCreateView'.
2019-02-11 11:34:27.7949|INFO|Microsoft.AspNetCore.Mvc.Internal.ControllerActionInvoker|Executed action Guide.API.Controllers.ProductController.Post (Guide.API) in 1955.8049ms
2019-02-11 11:34:27.8064|INFO|Microsoft.AspNetCore.Hosting.Internal.WebHost|Request finished in 2044.2894ms 201 application/json; charset=utf-8
2019-02-11 11:34:39.9594|INFO|Microsoft.AspNetCore.Hosting.Internal.WebHost|Request starting HTTP/1.1 GET http://localhost:58421/api/products/15 application/json 98
2019-02-11 11:34:39.9594|INFO|Microsoft.AspNetCore.Mvc.Internal.ControllerActionInvoker|Route matched with {action = "Get", controller = "Product"}. Executing action Guide.API.Controllers.ProductController.Get (Guide.API)
2019-02-11 11:34:39.9594|INFO|Microsoft.AspNetCore.Mvc.Internal.ControllerActionInvoker|Executing action method Guide.API.Controllers.ProductController.Get (Guide.API) with arguments (15) - Validation state: Valid
2019-02-11 11:34:41.5821|INFO|Microsoft.EntityFrameworkCore.Infrastructure|Entity Framework Core 2.1.4-rtm-31024 initialized 'GuideContext' using provider 'Microsoft.EntityFrameworkCore.SqlServer' with options: None
2019-02-11 11:34:41.6393|INFO|Microsoft.EntityFrameworkCore.Database.Command|Executed DbCommand (1ms) [Parameters=[@__id_0='?' (DbType = Int32)], CommandType='Text', CommandTimeout='30']
SELECT TOP(2) [p].[Id], [p].[Code], [p].[CreatedBy], [p].[CreatedOn], [p].[ModifiedBy], [p].[ModifiedOn], [p].[Name], [p].[StockAmount]
FROM [Products] AS [p]
WHERE [p].[Id] = @__id_0
2019-02-11 11:34:41.6508|INFO|Microsoft.AspNetCore.Mvc.Internal.ControllerActionInvoker|Executed action method Guide.API.Controllers.ProductController.Get (Guide.API), returned result Microsoft.AspNetCore.Mvc.OkObjectResult in 1680.1118ms.
2019-02-11 11:34:41.6508|INFO|Microsoft.AspNetCore.Mvc.Infrastructure.ObjectResultExecutor|Executing ObjectResult, writing value of type 'Guide.Application.ViewModel.QueryResponses.Product.ProductView'.
2019-02-11 11:34:41.6603|INFO|Microsoft.AspNetCore.Mvc.Internal.ControllerActionInvoker|Executed action Guide.API.Controllers.ProductController.Get (Guide.API) in 1693.0668ms
2019-02-11 11:34:41.6603|INFO|Microsoft.AspNetCore.Hosting.Internal.WebHost|Request finished in 1704.7683ms 200 application/json; charset=utf-8
2019-02-11 11:34:41.6603|INFO|Microsoft.AspNetCore.Server.Kestrel|Connection id "0HLKFVERFBKHC", Request id "0HLKFVERFBKHC:00000003": the application completed without reading the entire request body.
2019-02-11 11:41:17.1331|INFO|Microsoft.AspNetCore.Hosting.Internal.WebHost|Request starting HTTP/1.1 DEBUG http://localhost:58421/  0
2019-02-11 11:41:17.2181|INFO|Microsoft.AspNetCore.Hosting.Internal.WebHost|Request finished in 87.5959ms 200 
2019-02-11 11:41:33.1346|INFO|Microsoft.AspNetCore.Hosting.Internal.WebHost|Request starting HTTP/1.1 POST http://localhost:58421/api/products/ application/json 96
2019-02-11 11:41:33.1980|INFO|Microsoft.AspNetCore.Mvc.Internal.ControllerActionInvoker|Route matched with {action = "Post", controller = "Product"}. Executing action Guide.API.Controllers.ProductController.Post (Guide.API)
2019-02-11 11:41:33.2796|INFO|Microsoft.AspNetCore.Mvc.Internal.ControllerActionInvoker|Executing action method Guide.API.Controllers.ProductController.Post (Guide.API) with arguments (Guide.Application.CQRS.Command.ProductCreateCommand) - Validation state: Valid
2019-02-11 11:41:33.3135|INFO|Guide.Application.CQRS.Command.ProductCreateCommand|RequestType: _ProductCreateCommand_02/11/2019 08:41:33
2019-02-11 11:41:36.7719|ERROR|Guide.Application.ExceptionHandling.GlobalExceptionHandler|Stok miktarı 0'dan büyük olmalıdır!
2019-02-11 11:41:37.6810|INFO|Microsoft.AspNetCore.Mvc.Internal.ControllerActionInvoker|Executed action Guide.API.Controllers.ProductController.Post (Guide.API) in 4473.7933ms
2019-02-11 11:41:37.6810|INFO|Microsoft.AspNetCore.Hosting.Internal.WebHost|Request finished in 4551.4841ms 500 application/json
2019-02-11 11:41:48.4910|INFO|Microsoft.AspNetCore.Hosting.Internal.WebHost|Request starting HTTP/1.1 POST http://localhost:58421/api/products/ application/json 97
2019-02-11 11:41:48.4910|INFO|Microsoft.AspNetCore.Mvc.Internal.ControllerActionInvoker|Route matched with {action = "Post", controller = "Product"}. Executing action Guide.API.Controllers.ProductController.Post (Guide.API)
2019-02-11 11:41:48.4910|INFO|Microsoft.AspNetCore.Mvc.Internal.ControllerActionInvoker|Executing action method Guide.API.Controllers.ProductController.Post (Guide.API) with arguments (Guide.Application.CQRS.Command.ProductCreateCommand) - Validation state: Valid
2019-02-11 11:41:48.5061|INFO|Guide.Application.CQRS.Command.ProductCreateCommand|RequestType: _ProductCreateCommand_02/11/2019 08:41:48
2019-02-11 11:42:02.6372|ERROR|Guide.Application.ExceptionHandling.GlobalExceptionHandler|Stok miktarı 0'dan büyük olmalıdır!
2019-02-11 11:42:02.6372|INFO|Microsoft.AspNetCore.Mvc.Internal.ControllerActionInvoker|Executed action Guide.API.Controllers.ProductController.Post (Guide.API) in 14140.8966ms
2019-02-11 11:42:02.6445|INFO|Microsoft.AspNetCore.Hosting.Internal.WebHost|Request finished in 14154.7926ms 500 application/json
2019-02-11 11:42:25.4783|INFO|Microsoft.AspNetCore.Hosting.Internal.WebHost|Request starting HTTP/1.1 POST http://localhost:58421/api/products/ application/json 97
2019-02-11 11:42:25.4863|INFO|Microsoft.AspNetCore.Mvc.Internal.ControllerActionInvoker|Route matched with {action = "Post", controller = "Product"}. Executing action Guide.API.Controllers.ProductController.Post (Guide.API)
2019-02-11 11:42:25.4863|INFO|Microsoft.AspNetCore.Mvc.Internal.ControllerActionInvoker|Executing action method Guide.API.Controllers.ProductController.Post (Guide.API) with arguments (Guide.Application.CQRS.Command.ProductCreateCommand) - Validation state: Valid
2019-02-11 11:42:35.7144|INFO|Guide.Application.CQRS.Command.ProductCreateCommand|RequestType: _ProductCreateCommand_02/11/2019 08:42:35
2019-02-11 11:43:15.2653|INFO|Microsoft.AspNetCore.Hosting.Internal.WebHost|Request starting HTTP/1.1 DEBUG http://localhost:58421/  0
2019-02-11 11:43:15.3526|INFO|Microsoft.AspNetCore.Hosting.Internal.WebHost|Request finished in 90.5584ms 200 
2019-02-11 11:43:19.4145|INFO|Microsoft.AspNetCore.Hosting.Internal.WebHost|Request starting HTTP/1.1 POST http://localhost:58421/api/products/ application/json 99
2019-02-11 11:43:19.4707|INFO|Microsoft.AspNetCore.Mvc.Internal.ControllerActionInvoker|Route matched with {action = "Post", controller = "Product"}. Executing action Guide.API.Controllers.ProductController.Post (Guide.API)
2019-02-11 11:43:19.5516|INFO|Microsoft.AspNetCore.Mvc.Internal.ControllerActionInvoker|Executing action method Guide.API.Controllers.ProductController.Post (Guide.API) with arguments (Guide.Application.CQRS.Command.ProductCreateCommand) - Validation state: Valid
2019-02-11 11:43:20.7693|INFO|Guide.Application.CQRS.Command.ProductCreateCommand|RequestType: _ProductCreateCommand_02/11/2019 08:43:20
2019-02-11 11:43:20.7877|INFO|Guide.Application.CQRS.Command.ProductCreateCommand|Audit Log Data: {"Id":0,"Name":"Test Prod-5","Code":"Prd009","StockQuantity":10}
2019-02-11 11:43:37.3963|INFO|Microsoft.AspNetCore.Hosting.Internal.WebHost|Request starting HTTP/1.1 DEBUG http://localhost:58421/  0
2019-02-11 11:43:37.4851|INFO|Microsoft.AspNetCore.Hosting.Internal.WebHost|Request finished in 90.4233ms 200 
2019-02-11 11:43:42.9659|INFO|Microsoft.AspNetCore.Hosting.Internal.WebHost|Request starting HTTP/1.1 POST http://localhost:58421/api/products/ application/json 99
2019-02-11 11:43:43.0238|INFO|Microsoft.AspNetCore.Mvc.Internal.ControllerActionInvoker|Route matched with {action = "Post", controller = "Product"}. Executing action Guide.API.Controllers.ProductController.Post (Guide.API)
2019-02-11 11:43:43.1075|INFO|Microsoft.AspNetCore.Mvc.Internal.ControllerActionInvoker|Executing action method Guide.API.Controllers.ProductController.Post (Guide.API) with arguments (Guide.Application.CQRS.Command.ProductCreateCommand) - Validation state: Valid
2019-02-11 11:43:46.4106|INFO|Guide.Application.CQRS.Command.ProductCreateCommand|RequestType: _ProductCreateCommand_02/11/2019 08:43:46
2019-02-11 11:43:46.4269|INFO|Guide.Application.CQRS.Command.ProductCreateCommand|Audit Log Data: {"Id":0,"Name":"Test Prod-5","Code":"Prd009","StockQuantity":10}
2019-02-11 11:43:46.5583|INFO|Microsoft.EntityFrameworkCore.Infrastructure|Entity Framework Core 2.1.4-rtm-31024 initialized 'GuideContext' using provider 'Microsoft.EntityFrameworkCore.SqlServer' with options: None
2019-02-11 11:43:46.6174|INFO|Microsoft.EntityFrameworkCore.Database.Command|Executed DbCommand (2ms) [Parameters=[@p0='?' (Size = 4000), @p1='?' (DbType = Int32), @p2='?' (DbType = DateTime2), @p3='?' (DbType = Int32), @p4='?' (DbType = DateTime2), @p5='?' (Size = 4000), @p6='?' (DbType = Int32)], CommandType='Text', CommandTimeout='30']
SET NOCOUNT ON;
INSERT INTO [Products] ([Code], [CreatedBy], [CreatedOn], [ModifiedBy], [ModifiedOn], [Name], [StockAmount])
VALUES (@p0, @p1, @p2, @p3, @p4, @p5, @p6);
SELECT [Id]
FROM [Products]
WHERE @@ROWCOUNT = 1 AND [Id] = scope_identity();
2019-02-11 11:43:46.6560|INFO|Microsoft.AspNetCore.Mvc.Internal.ControllerActionInvoker|Executed action method Guide.API.Controllers.ProductController.Post (Guide.API), returned result Microsoft.AspNetCore.Mvc.CreatedAtRouteResult in 3541.1726ms.
2019-02-11 11:43:46.6668|INFO|Microsoft.AspNetCore.Mvc.Infrastructure.ObjectResultExecutor|Executing ObjectResult, writing value of type 'Guide.Application.ViewModel.CommandResponses.Product.ProductCreateView'.
2019-02-11 11:43:46.6794|INFO|Microsoft.AspNetCore.Mvc.Internal.ControllerActionInvoker|Executed action Guide.API.Controllers.ProductController.Post (Guide.API) in 3645.9641ms
2019-02-11 11:43:46.6794|INFO|Microsoft.AspNetCore.Hosting.Internal.WebHost|Request finished in 3720.9569ms 201 application/json; charset=utf-8
2019-02-11 11:44:02.3259|INFO|Microsoft.AspNetCore.Hosting.Internal.WebHost|Request starting HTTP/1.1 POST http://localhost:58421/api/products/ application/json 92
2019-02-11 11:44:02.3306|INFO|Microsoft.AspNetCore.Mvc.Internal.ControllerActionInvoker|Route matched with {action = "Post", controller = "Product"}. Executing action Guide.API.Controllers.ProductController.Post (Guide.API)
2019-02-11 11:44:02.3306|INFO|Microsoft.AspNetCore.Mvc.Internal.ControllerActionInvoker|Executing action method Guide.API.Controllers.ProductController.Post (Guide.API) with arguments (Guide.Application.CQRS.Command.ProductCreateCommand) - Validation state: Valid
2019-02-11 11:44:02.3306|INFO|Guide.Application.CQRS.Command.ProductCreateCommand|RequestType: _ProductCreateCommand_02/11/2019 08:44:02
2019-02-11 11:44:05.6946|INFO|Microsoft.AspNetCore.Mvc.Internal.ControllerActionInvoker|Executed action Guide.API.Controllers.ProductController.Post (Guide.API) in 3359.734ms
2019-02-11 11:44:05.6946|INFO|Microsoft.AspNetCore.Hosting.Internal.WebHost|Request finished in 3372.3176ms 404 application/json
2019-02-11 12:01:16.3458|INFO|Microsoft.AspNetCore.Hosting.Internal.WebHost|Request starting HTTP/1.1 DEBUG http://localhost:58421/  0
2019-02-11 12:01:16.4385|INFO|Microsoft.AspNetCore.Hosting.Internal.WebHost|Request finished in 92.0045ms 200 
2019-02-11 12:01:28.7741|INFO|Microsoft.AspNetCore.Hosting.Internal.WebHost|Request starting HTTP/1.1 POST http://localhost:58421/api/products/ application/json 93
2019-02-11 12:01:28.8320|INFO|Microsoft.AspNetCore.Mvc.Internal.ControllerActionInvoker|Route matched with {action = "Post", controller = "Product"}. Executing action Guide.API.Controllers.ProductController.Post (Guide.API)
2019-02-11 12:01:28.9131|INFO|Microsoft.AspNetCore.Mvc.Internal.ControllerActionInvoker|Executing action method Guide.API.Controllers.ProductController.Post (Guide.API) with arguments (Guide.Application.CQRS.Command.ProductCreateCommand) - Validation state: Valid
2019-02-11 12:01:28.9476|INFO|Guide.Application.CQRS.Command.ProductCreateCommand|RequestType: _ProductCreateCommand_02/11/2019 09:01:28
2019-02-11 12:01:31.9789|ERROR|Guide.Application.ExceptionHandling.GlobalExceptionHandler|Validation failed: 
 -- Name: Ürün adı en az 10 karakter olmalıdır!
2019-02-11 12:01:31.9868|INFO|Microsoft.AspNetCore.Mvc.Internal.ControllerActionInvoker|Executed action Guide.API.Controllers.ProductController.Post (Guide.API) in 3147.1837ms
2019-02-11 12:01:31.9868|INFO|Microsoft.AspNetCore.Hosting.Internal.WebHost|Request finished in 3220.4499ms 400 application/json
2019-02-11 12:01:39.6703|INFO|Microsoft.AspNetCore.Hosting.Internal.WebHost|Request starting HTTP/1.1 POST http://localhost:58421/api/products/ application/json 101
2019-02-11 12:01:39.6703|INFO|Microsoft.AspNetCore.Mvc.Internal.ControllerActionInvoker|Route matched with {action = "Post", controller = "Product"}. Executing action Guide.API.Controllers.ProductController.Post (Guide.API)
2019-02-11 12:01:39.6703|INFO|Microsoft.AspNetCore.Mvc.Internal.ControllerActionInvoker|Executing action method Guide.API.Controllers.ProductController.Post (Guide.API) with arguments (Guide.Application.CQRS.Command.ProductCreateCommand) - Validation state: Valid
2019-02-11 12:01:39.6887|INFO|Guide.Application.CQRS.Command.ProductCreateCommand|RequestType: _ProductCreateCommand_02/11/2019 09:01:39
2019-02-11 12:01:50.2172|INFO|Microsoft.AspNetCore.Mvc.Internal.ControllerActionInvoker|Executed action Guide.API.Controllers.ProductController.Post (Guide.API) in 10535.9406ms
2019-02-11 12:01:50.2172|INFO|Microsoft.AspNetCore.Hosting.Internal.WebHost|Request finished in 10551.55ms 404 application/json
2019-02-11 12:03:18.3493|INFO|Microsoft.AspNetCore.Hosting.Internal.WebHost|Request starting HTTP/1.1 DEBUG http://localhost:58421/  0
2019-02-11 12:03:18.4396|INFO|Microsoft.AspNetCore.Hosting.Internal.WebHost|Request finished in 93.3744ms 200 
2019-02-11 12:03:53.4761|INFO|Microsoft.AspNetCore.Hosting.Internal.WebHost|Request starting HTTP/1.1 DEBUG http://localhost:58421/  0
2019-02-11 12:03:53.5647|INFO|Microsoft.AspNetCore.Hosting.Internal.WebHost|Request finished in 91.358ms 200 
2019-02-11 12:03:55.8836|INFO|Microsoft.AspNetCore.Hosting.Internal.WebHost|Request starting HTTP/1.1 POST http://localhost:58421/api/products/ application/json 101
2019-02-11 12:03:55.9548|INFO|Microsoft.AspNetCore.Mvc.Internal.ControllerActionInvoker|Route matched with {action = "Post", controller = "Product"}. Executing action Guide.API.Controllers.ProductController.Post (Guide.API)
2019-02-11 12:03:56.0452|INFO|Microsoft.AspNetCore.Mvc.Internal.ControllerActionInvoker|Executing action method Guide.API.Controllers.ProductController.Post (Guide.API) with arguments (Guide.Application.CQRS.Command.ProductCreateCommand) - Validation state: Valid
2019-02-11 12:03:56.0782|INFO|Guide.Application.CQRS.Command.ProductCreateCommand|RequestType: _ProductCreateCommand_02/11/2019 09:03:56
2019-02-11 12:03:56.0969|INFO|Guide.Application.CQRS.Command.ProductCreateCommand|Audit Log Data: {"Id":0,"Name":"Test-Prod-10","Code":"Prd010","StockQuantity":105}
2019-02-11 12:03:56.2328|INFO|Microsoft.EntityFrameworkCore.Infrastructure|Entity Framework Core 2.1.4-rtm-31024 initialized 'GuideContext' using provider 'Microsoft.EntityFrameworkCore.SqlServer' with options: None
2019-02-11 12:03:56.2950|INFO|Microsoft.EntityFrameworkCore.Database.Command|Executed DbCommand (2ms) [Parameters=[@p0='?' (Size = 4000), @p1='?' (DbType = Int32), @p2='?' (DbType = DateTime2), @p3='?' (DbType = Int32), @p4='?' (DbType = DateTime2), @p5='?' (Size = 4000), @p6='?' (DbType = Int32)], CommandType='Text', CommandTimeout='30']
SET NOCOUNT ON;
INSERT INTO [Products] ([Code], [CreatedBy], [CreatedOn], [ModifiedBy], [ModifiedOn], [Name], [StockAmount])
VALUES (@p0, @p1, @p2, @p3, @p4, @p5, @p6);
SELECT [Id]
FROM [Products]
WHERE @@ROWCOUNT = 1 AND [Id] = scope_identity();
2019-02-11 12:03:56.3335|INFO|Microsoft.AspNetCore.Mvc.Internal.ControllerActionInvoker|Executed action method Guide.API.Controllers.ProductController.Post (Guide.API), returned result Microsoft.AspNetCore.Mvc.CreatedAtRouteResult in 281.3481ms.
2019-02-11 12:03:56.3447|INFO|Microsoft.AspNetCore.Mvc.Infrastructure.ObjectResultExecutor|Executing ObjectResult, writing value of type 'Guide.Application.ViewModel.CommandResponses.Product.ProductCreateView'.
2019-02-11 12:03:56.3574|INFO|Microsoft.AspNetCore.Mvc.Internal.ControllerActionInvoker|Executed action Guide.API.Controllers.ProductController.Post (Guide.API) in 394.5029ms
2019-02-11 12:03:56.3574|INFO|Microsoft.AspNetCore.Hosting.Internal.WebHost|Request finished in 480.7415ms 201 application/json; charset=utf-8
2019-02-11 12:04:03.9250|INFO|Microsoft.AspNetCore.Hosting.Internal.WebHost|Request starting HTTP/1.1 POST http://localhost:58421/api/products/ application/json 101
2019-02-11 12:04:03.9250|INFO|Microsoft.AspNetCore.Mvc.Internal.ControllerActionInvoker|Route matched with {action = "Post", controller = "Product"}. Executing action Guide.API.Controllers.ProductController.Post (Guide.API)
2019-02-11 12:04:03.9346|INFO|Microsoft.AspNetCore.Mvc.Internal.ControllerActionInvoker|Executing action method Guide.API.Controllers.ProductController.Post (Guide.API) with arguments (Guide.Application.CQRS.Command.ProductCreateCommand) - Validation state: Valid
2019-02-11 12:04:05.4114|INFO|Guide.Application.CQRS.Command.ProductCreateCommand|RequestType: _ProductCreateCommand_02/11/2019 09:04:05
2019-02-11 12:04:05.4114|INFO|Guide.Application.CQRS.Command.ProductCreateCommand|Audit Log Data: {"Id":0,"Name":"Test-Prod-10","Code":"Prd010","StockQuantity":105}
2019-02-11 12:04:05.4440|INFO|Microsoft.EntityFrameworkCore.Infrastructure|Entity Framework Core 2.1.4-rtm-31024 initialized 'GuideContext' using provider 'Microsoft.EntityFrameworkCore.SqlServer' with options: None
2019-02-11 12:04:05.4440|INFO|Microsoft.EntityFrameworkCore.Database.Command|Executed DbCommand (0ms) [Parameters=[@p0='?' (Size = 4000), @p1='?' (DbType = Int32), @p2='?' (DbType = DateTime2), @p3='?' (DbType = Int32), @p4='?' (DbType = DateTime2), @p5='?' (Size = 4000), @p6='?' (DbType = Int32)], CommandType='Text', CommandTimeout='30']
SET NOCOUNT ON;
INSERT INTO [Products] ([Code], [CreatedBy], [CreatedOn], [ModifiedBy], [ModifiedOn], [Name], [StockAmount])
VALUES (@p0, @p1, @p2, @p3, @p4, @p5, @p6);
SELECT [Id]
FROM [Products]
WHERE @@ROWCOUNT = 1 AND [Id] = scope_identity();
