2019-02-08 13:56:27.3292|INFO|Microsoft.AspNetCore.Hosting.Internal.WebHost|Request starting HTTP/1.1 DEBUG http://localhost:58421/  0
2019-02-08 13:56:27.4213|INFO|Microsoft.AspNetCore.Hosting.Internal.WebHost|Request finished in 94.9707ms 200 
2019-02-08 13:56:58.2651|INFO|Microsoft.AspNetCore.Hosting.Internal.WebHost|Request starting HTTP/1.1 DEBUG http://localhost:58421/  0
2019-02-08 13:56:58.3525|INFO|Microsoft.AspNetCore.Hosting.Internal.WebHost|Request finished in 90.4224ms 200 
2019-02-08 13:57:35.9175|INFO|Microsoft.AspNetCore.Hosting.Internal.WebHost|Request starting HTTP/1.1 POST http://localhost:58421/api/products application/json 98
2019-02-08 13:57:36.0181|INFO|Microsoft.AspNetCore.Mvc.Internal.ControllerActionInvoker|Route matched with {action = "Post", controller = "Product"}. Executing action Guide.API.Controllers.ProductController.Post (Guide.API)
2019-02-08 13:57:36.1020|INFO|Microsoft.AspNetCore.Mvc.Internal.ControllerActionInvoker|Executing action method Guide.API.Controllers.ProductController.Post (Guide.API) with arguments (Guide.Application.CQRS.Command.ProductCreateCommand) - Validation state: Valid
2019-02-08 13:57:39.2804|INFO|Guide.Application.CQRS.Command.ProductCreateCommand|RequestType: _ProductCreateCommand_02/08/2019 10:57:39
2019-02-08 13:57:39.2985|INFO|Guide.Application.CQRS.Command.ProductCreateCommand|Audit Log Data: {"Id":0,"Name":"Test Prod-5","Code":"Prd005","StockQuantity":0}
2019-02-08 14:00:09.1985|INFO|Microsoft.AspNetCore.Hosting.Internal.WebHost|Request starting HTTP/1.1 DEBUG http://localhost:58421/  0
2019-02-08 14:00:09.2979|INFO|Microsoft.AspNetCore.Hosting.Internal.WebHost|Request finished in 98.7476ms 200 
2019-02-08 14:00:10.2036|INFO|Microsoft.AspNetCore.Hosting.Internal.WebHost|Request starting HTTP/1.1 POST http://localhost:58421/api/products application/json 98
2019-02-08 14:00:10.2927|INFO|Microsoft.AspNetCore.Mvc.Internal.ControllerActionInvoker|Route matched with {action = "Post", controller = "Product"}. Executing action Guide.API.Controllers.ProductController.Post (Guide.API)
2019-02-08 14:00:10.3753|INFO|Microsoft.AspNetCore.Mvc.Internal.ControllerActionInvoker|Executing action method Guide.API.Controllers.ProductController.Post (Guide.API) with arguments (Guide.Application.CQRS.Command.ProductCreateCommand) - Validation state: Valid
2019-02-08 14:00:12.8053|INFO|Guide.Application.CQRS.Command.ProductCreateCommand|RequestType: _ProductCreateCommand_02/08/2019 11:00:12
2019-02-08 14:00:12.8327|INFO|Guide.Application.CQRS.Command.ProductCreateCommand|Audit Log Data: {"Id":0,"Name":"Test Prod-5","Code":"Prd005","StockQuantity":0}
2019-02-08 14:03:09.8234|INFO|Microsoft.AspNetCore.Hosting.Internal.WebHost|Request starting HTTP/1.1 DEBUG http://localhost:58421/  0
2019-02-08 14:03:09.9145|INFO|Microsoft.AspNetCore.Hosting.Internal.WebHost|Request finished in 93.7908ms 200 
2019-02-08 14:03:11.7523|INFO|Microsoft.AspNetCore.Hosting.Internal.WebHost|Request starting HTTP/1.1 POST http://localhost:58421/api/products application/json 98
2019-02-08 14:03:11.8491|INFO|Microsoft.AspNetCore.Mvc.Internal.ControllerActionInvoker|Route matched with {action = "Post", controller = "Product"}. Executing action Guide.API.Controllers.ProductController.Post (Guide.API)
2019-02-08 14:03:11.9303|INFO|Microsoft.AspNetCore.Mvc.Internal.ControllerActionInvoker|Executing action method Guide.API.Controllers.ProductController.Post (Guide.API) with arguments (Guide.Application.CQRS.Command.ProductCreateCommand) - Validation state: Valid
2019-02-08 14:03:13.8134|INFO|Guide.Application.CQRS.Command.ProductCreateCommand|RequestType: _ProductCreateCommand_02/08/2019 11:03:13
2019-02-08 14:03:13.8357|INFO|Guide.Application.CQRS.Command.ProductCreateCommand|Audit Log Data: {"Id":0,"Name":"Test Prod-5","Code":"Prd005","StockQuantity":0}
2019-02-08 14:05:14.7178|INFO|Microsoft.AspNetCore.Hosting.Internal.WebHost|Request starting HTTP/1.1 DEBUG http://localhost:58421/  0
2019-02-08 14:05:14.8045|INFO|Microsoft.AspNetCore.Hosting.Internal.WebHost|Request finished in 89.8942ms 200 
2019-02-08 14:05:18.3488|INFO|Microsoft.AspNetCore.Hosting.Internal.WebHost|Request starting HTTP/1.1 POST http://localhost:58421/api/products application/json 98
2019-02-08 14:05:18.4414|INFO|Microsoft.AspNetCore.Mvc.Internal.ControllerActionInvoker|Route matched with {action = "Post", controller = "Product"}. Executing action Guide.API.Controllers.ProductController.Post (Guide.API)
2019-02-08 14:05:18.5215|INFO|Microsoft.AspNetCore.Mvc.Internal.ControllerActionInvoker|Executing action method Guide.API.Controllers.ProductController.Post (Guide.API) with arguments (Guide.Application.CQRS.Command.ProductCreateCommand) - Validation state: Valid
2019-02-08 14:05:50.4953|INFO|Guide.Application.CQRS.Command.ProductCreateCommand|RequestType: _ProductCreateCommand_02/08/2019 11:05:50
2019-02-08 14:05:54.5750|INFO|Guide.Application.CQRS.Command.ProductCreateCommand|Audit Log Data: {"Id":0,"Name":"Test Prod-5","Code":"Prd005","StockQuantity":0}
2019-02-08 14:06:05.4333|INFO|Microsoft.AspNetCore.Mvc.Internal.ControllerActionInvoker|Executed action Guide.API.Controllers.ProductController.Post (Guide.API) in 46984.8333ms
2019-02-08 14:06:05.4333|ERROR|Microsoft.AspNetCore.Diagnostics.DeveloperExceptionPageMiddleware|An unhandled exception has occurred while executing the request.
2019-02-08 14:06:05.4703|INFO|Microsoft.AspNetCore.Hosting.Internal.WebHost|Request finished in 47121.0577ms 500 text/html; charset=utf-8
2019-02-08 14:06:07.0373|INFO|Microsoft.AspNetCore.Hosting.Internal.WebHost|Request starting HTTP/1.1 POST http://localhost:58421/api/products application/json 98
2019-02-08 14:06:07.0373|INFO|Microsoft.AspNetCore.Mvc.Internal.ControllerActionInvoker|Route matched with {action = "Post", controller = "Product"}. Executing action Guide.API.Controllers.ProductController.Post (Guide.API)
2019-02-08 14:06:07.0472|INFO|Microsoft.AspNetCore.Mvc.Internal.ControllerActionInvoker|Executing action method Guide.API.Controllers.ProductController.Post (Guide.API) with arguments (Guide.Application.CQRS.Command.ProductCreateCommand) - Validation state: Valid
2019-02-08 14:06:08.1580|INFO|Guide.Application.CQRS.Command.ProductCreateCommand|RequestType: _ProductCreateCommand_02/08/2019 11:06:08
2019-02-08 14:06:22.5330|INFO|Guide.Application.CQRS.Command.ProductCreateCommand|Audit Log Data: {"Id":0,"Name":"Test Prod-5","Code":"Prd005","StockQuantity":0}
2019-02-08 14:21:57.1622|INFO|Microsoft.AspNetCore.Hosting.Internal.WebHost|Request starting HTTP/1.1 DEBUG http://localhost:58421/  0
2019-02-08 14:21:57.2547|INFO|Microsoft.AspNetCore.Hosting.Internal.WebHost|Request finished in 96.0553ms 200 
2019-02-08 14:22:03.6958|INFO|Microsoft.AspNetCore.Hosting.Internal.WebHost|Request starting HTTP/1.1 POST http://localhost:58421/api/products application/json 98
2019-02-08 14:22:03.7944|INFO|Microsoft.AspNetCore.Mvc.Internal.ControllerActionInvoker|Route matched with {action = "Post", controller = "Product"}. Executing action Guide.API.Controllers.ProductController.Post (Guide.API)
2019-02-08 14:22:03.8766|INFO|Microsoft.AspNetCore.Mvc.Internal.ControllerActionInvoker|Executing action method Guide.API.Controllers.ProductController.Post (Guide.API) with arguments (Guide.Application.CQRS.Command.ProductCreateCommand) - Validation state: Valid
2019-02-08 14:22:03.8885|INFO|Guide.Application.CQRS.Command.ProductCreateCommand|RequestType: _ProductCreateCommand_02/08/2019 11:22:03
2019-02-08 14:22:03.9087|INFO|Guide.Application.CQRS.Command.ProductCreateCommand|Audit Log Data: {"Id":0,"Name":"Test Prod-5","Code":"Prd005","StockQuantity":0}
2019-02-08 14:33:49.3435|INFO|Microsoft.AspNetCore.Hosting.Internal.WebHost|Request starting HTTP/1.1 DEBUG http://localhost:58421/  0
2019-02-08 14:33:49.4341|INFO|Microsoft.AspNetCore.Hosting.Internal.WebHost|Request finished in 93.1318ms 200 
2019-02-08 14:33:55.4496|INFO|Microsoft.AspNetCore.Hosting.Internal.WebHost|Request starting HTTP/1.1 POST http://localhost:58421/api/products application/json 98
2019-02-08 14:33:55.5459|INFO|Microsoft.AspNetCore.Mvc.Internal.ControllerActionInvoker|Route matched with {action = "Post", controller = "Product"}. Executing action Guide.API.Controllers.ProductController.Post (Guide.API)
2019-02-08 14:33:55.6246|INFO|Microsoft.AspNetCore.Mvc.Internal.ControllerActionInvoker|Executing action method Guide.API.Controllers.ProductController.Post (Guide.API) with arguments (Guide.Application.CQRS.Command.ProductCreateCommand) - Validation state: Valid
2019-02-08 14:33:55.6246|INFO|Guide.Application.CQRS.Command.ProductCreateCommand|RequestType: _ProductCreateCommand_02/08/2019 11:33:55
2019-02-08 14:33:55.6548|INFO|Guide.Application.CQRS.Command.ProductCreateCommand|Audit Log Data: {"Id":0,"Name":"Test Prod-5","Code":"Prd005","StockQuantity":0}
2019-02-08 14:37:09.6814|INFO|Microsoft.AspNetCore.Hosting.Internal.WebHost|Request starting HTTP/1.1 DEBUG http://localhost:58421/  0
2019-02-08 14:37:09.7739|INFO|Microsoft.AspNetCore.Hosting.Internal.WebHost|Request finished in 92.7728ms 200 
2019-02-08 14:41:15.7509|INFO|Microsoft.AspNetCore.Hosting.Internal.WebHost|Request starting HTTP/1.1 DEBUG http://localhost:58421/  0
2019-02-08 14:41:15.8441|INFO|Microsoft.AspNetCore.Hosting.Internal.WebHost|Request finished in 96.4743ms 200 
2019-02-08 14:41:20.7507|INFO|Microsoft.AspNetCore.Hosting.Internal.WebHost|Request starting HTTP/1.1 POST http://localhost:58421/api/products application/json 98
2019-02-08 14:41:20.8446|INFO|Microsoft.AspNetCore.Mvc.Internal.ControllerActionInvoker|Route matched with {action = "Post", controller = "Product"}. Executing action Guide.API.Controllers.ProductController.Post (Guide.API)
2019-02-08 14:41:20.9242|INFO|Microsoft.AspNetCore.Mvc.Internal.ControllerActionInvoker|Executing action method Guide.API.Controllers.ProductController.Post (Guide.API) with arguments (Guide.Application.CQRS.Command.ProductCreateCommand) - Validation state: Valid
2019-02-08 14:41:20.9350|INFO|Guide.Application.CQRS.Command.ProductCreateCommand|RequestType: _ProductCreateCommand_02/08/2019 11:41:20
2019-02-08 14:41:20.9551|INFO|Guide.Application.CQRS.Command.ProductCreateCommand|Audit Log Data: {"Id":0,"Name":"Test Prod-5","Code":"Prd005","StockQuantity":0}
2019-02-08 14:42:01.8175|INFO|Microsoft.AspNetCore.Hosting.Internal.WebHost|Request starting HTTP/1.1 DEBUG http://localhost:58421/  0
2019-02-08 14:42:01.9099|INFO|Microsoft.AspNetCore.Hosting.Internal.WebHost|Request finished in 95.1863ms 200 
2019-02-08 14:42:44.1443|INFO|Microsoft.AspNetCore.Hosting.Internal.WebHost|Request starting HTTP/1.1 DEBUG http://localhost:58421/  0
2019-02-08 14:42:44.2358|INFO|Microsoft.AspNetCore.Hosting.Internal.WebHost|Request finished in 94.5952ms 200 
2019-02-08 14:46:42.6137|INFO|Microsoft.AspNetCore.Hosting.Internal.WebHost|Request starting HTTP/1.1 POST http://localhost:58421/api/products application/json 98
2019-02-08 14:46:42.6137|INFO|Microsoft.AspNetCore.Hosting.Internal.WebHost|Request starting HTTP/1.1 DEBUG http://localhost:58421/  0
2019-02-08 14:46:42.7094|INFO|Microsoft.AspNetCore.Hosting.Internal.WebHost|Request finished in 94.075ms 200 
2019-02-08 14:46:42.7905|INFO|Microsoft.AspNetCore.Mvc.Internal.ControllerActionInvoker|Route matched with {action = "Post", controller = "Product"}. Executing action Guide.API.Controllers.ProductController.Post (Guide.API)
2019-02-08 14:46:42.8705|INFO|Microsoft.AspNetCore.Mvc.Internal.ControllerActionInvoker|Executing action method Guide.API.Controllers.ProductController.Post (Guide.API) with arguments (Guide.Application.CQRS.Command.ProductCreateCommand) - Validation state: Valid
2019-02-08 14:46:42.8705|INFO|Guide.Application.CQRS.Command.ProductCreateCommand|RequestType: _ProductCreateCommand_02/08/2019 11:46:42
2019-02-08 14:46:42.9020|INFO|Guide.Application.CQRS.Command.ProductCreateCommand|Audit Log Data: {"Id":0,"Name":"Test Prod-5","Code":"Prd005","StockQuantity":0}
2019-02-08 14:54:14.4038|INFO|Microsoft.AspNetCore.Hosting.Internal.WebHost|Request starting HTTP/1.1 DEBUG http://localhost:58421/  0
2019-02-08 14:54:14.4931|INFO|Microsoft.AspNetCore.Hosting.Internal.WebHost|Request finished in 92.1189ms 200 
2019-02-08 14:54:18.3268|INFO|Microsoft.AspNetCore.Hosting.Internal.WebHost|Request starting HTTP/1.1 POST http://localhost:58421/api/products application/json 98
2019-02-08 14:54:18.4169|INFO|Microsoft.AspNetCore.Mvc.Internal.ControllerActionInvoker|Route matched with {action = "Post", controller = "Product"}. Executing action Guide.API.Controllers.ProductController.Post (Guide.API)
2019-02-08 14:54:18.4954|INFO|Microsoft.AspNetCore.Mvc.Internal.ControllerActionInvoker|Executing action method Guide.API.Controllers.ProductController.Post (Guide.API) with arguments (Guide.Application.CQRS.Command.ProductCreateCommand) - Validation state: Valid
2019-02-08 14:54:18.4954|INFO|Guide.Application.CQRS.Command.ProductCreateCommand|RequestType: _ProductCreateCommand_02/08/2019 11:54:18
2019-02-08 14:54:18.5267|INFO|Guide.Application.CQRS.Command.ProductCreateCommand|Audit Log Data: {"Id":0,"Name":"Test Prod-5","Code":"Prd005","StockQuantity":0}
2019-02-08 15:01:58.7246|INFO|Microsoft.AspNetCore.Hosting.Internal.WebHost|Request starting HTTP/1.1 DEBUG http://localhost:58421/  0
2019-02-08 15:01:58.8134|INFO|Microsoft.AspNetCore.Hosting.Internal.WebHost|Request finished in 92.1442ms 200 
2019-02-08 15:02:02.4570|INFO|Microsoft.AspNetCore.Hosting.Internal.WebHost|Request starting HTTP/1.1 POST http://localhost:58421/api/products application/json 98
2019-02-08 15:02:02.5497|INFO|Microsoft.AspNetCore.Mvc.Internal.ControllerActionInvoker|Route matched with {action = "Post", controller = "Product"}. Executing action Guide.API.Controllers.ProductController.Post (Guide.API)
2019-02-08 15:02:02.6297|INFO|Microsoft.AspNetCore.Mvc.Internal.ControllerActionInvoker|Executing action method Guide.API.Controllers.ProductController.Post (Guide.API) with arguments (Guide.Application.CQRS.Command.ProductCreateCommand) - Validation state: Valid
2019-02-08 15:02:02.6297|INFO|Guide.Application.CQRS.Command.ProductCreateCommand|RequestType: _ProductCreateCommand_02/08/2019 12:02:02
2019-02-08 15:02:02.6611|INFO|Guide.Application.CQRS.Command.ProductCreateCommand|Audit Log Data: {"Id":0,"Name":"Test Prod-5","Code":"Prd005","StockQuantity":0}
